# JRE version: OpenJDK Runtime Environment (8.0_152-b01) (build 1.8.0_152-release-915-b01)
# Java VM: OpenJDK 64-Bit Server VM (25.152-b01 mixed mode windows-amd64 compressed oops)
Heap:
 PSYoungGen      total 78848K, used 9650K [0x00000000e0000000, 0x00000000e6c00000, 0x0000000100000000)
  eden space 68608K, 0% used [0x00000000e0000000,0x00000000e0000000,0x00000000e4300000)
  from space 10240K, 94% used [0x00000000e4300000,0x00000000e4c6c890,0x00000000e4d00000)
  to   space 11264K, 0% used [0x00000000e6100000,0x00000000e6100000,0x00000000e6c00000)
 ParOldGen       total 68608K, used 8939K [0x00000000a0000000, 0x00000000a4300000, 0x00000000e0000000)
  object space 68608K, 13% used [0x00000000a0000000,0x00000000a08bae90,0x00000000a4300000)
 Metaspace       used 34664K, capacity 35220K, committed 35416K, reserved 1079296K
  class space    used 4700K, capacity 4910K, committed 4992K, reserved 1048576K
GC Heap History (10 events):
Event: 4.608 GC heap after
Heap after GC invocations=6 (full 1):
 PSYoungGen      total 38400K, used 3896K [0x00000000e0000000, 0x00000000e4180000, 0x0000000100000000)
  eden space 33280K, 0% used [0x00000000e0000000,0x00000000e0000000,0x00000000e2080000)
  from space 5120K, 76% used [0x00000000e2080000,0x00000000e244e298,0x00000000e2580000)
  to   space 10752K, 0% used [0x00000000e3700000,0x00000000e3700000,0x00000000e4180000)
 ParOldGen       total 68608K, used 8843K [0x00000000a0000000, 0x00000000a4300000, 0x00000000e0000000)
  object space 68608K, 12% used [0x00000000a0000000,0x00000000a08a2e80,0x00000000a4300000)
 Metaspace       used 23495K, capacity 23892K, committed 24192K, reserved 1071104K
  class space    used 3203K, capacity 3347K, committed 3456K, reserved 1048576K
}
Event: 5.163 GC heap before
{Heap before GC invocations=7 (full 1):
 PSYoungGen      total 38400K, used 37176K [0x00000000e0000000, 0x00000000e4180000, 0x0000000100000000)
  eden space 33280K, 100% used [0x00000000e0000000,0x00000000e2080000,0x00000000e2080000)
  from space 5120K, 76% used [0x00000000e2080000,0x00000000e244e298,0x00000000e2580000)
  to   space 10752K, 0% used [0x00000000e3700000,0x00000000e3700000,0x00000000e4180000)
 ParOldGen       total 68608K, used 8843K [0x00000000a0000000, 0x00000000a4300000, 0x00000000e0000000)
  object space 68608K, 12% used [0x00000000a0000000,0x00000000a08a2e80,0x00000000a4300000)
 Metaspace       used 25909K, capacity 26438K, committed 26624K, reserved 1073152K
  class space    used 3540K, capacity 3722K, committed 3840K, reserved 1048576K
Event: 5.174 GC heap after
Heap after GC invocations=7 (full 1):
 PSYoungGen      total 56832K, used 5385K [0x00000000e0000000, 0x00000000e4380000, 0x0000000100000000)
  eden space 46080K, 0% used [0x00000000e0000000,0x00000000e0000000,0x00000000e2d00000)
  from space 10752K, 50% used [0x00000000e3700000,0x00000000e3c42590,0x00000000e4180000)
  to   space 10240K, 0% used [0x00000000e2d00000,0x00000000e2d00000,0x00000000e3700000)
 ParOldGen       total 68608K, used 8851K [0x00000000a0000000, 0x00000000a4300000, 0x00000000e0000000)
  object space 68608K, 12% used [0x00000000a0000000,0x00000000a08a4e80,0x00000000a4300000)
 Metaspace       used 25909K, capacity 26438K, committed 26624K, reserved 1073152K
  class space    used 3540K, capacity 3722K, committed 3840K, reserved 1048576K
}
Event: 5.748 GC heap before
{Heap before GC invocations=8 (full 1):
 PSYoungGen      total 56832K, used 51465K [0x00000000e0000000, 0x00000000e4380000, 0x0000000100000000)
  eden space 46080K, 100% used [0x00000000e0000000,0x00000000e2d00000,0x00000000e2d00000)
  from space 10752K, 50% used [0x00000000e3700000,0x00000000e3c42590,0x00000000e4180000)
  to   space 10240K, 0% used [0x00000000e2d00000,0x00000000e2d00000,0x00000000e3700000)
 ParOldGen       total 68608K, used 8851K [0x00000000a0000000, 0x00000000a4300000, 0x00000000e0000000)
  object space 68608K, 12% used [0x00000000a0000000,0x00000000a08a4e80,0x00000000a4300000)
 Metaspace       used 29736K, capacity 30214K, committed 30464K, reserved 1075200K
  class space    used 4063K, capacity 4234K, committed 4352K, reserved 1048576K
Event: 5.757 GC heap after
Heap after GC invocations=8 (full 1):
 PSYoungGen      total 56320K, used 7173K [0x00000000e0000000, 0x00000000e5700000, 0x0000000100000000)
  eden space 46080K, 0% used [0x00000000e0000000,0x00000000e0000000,0x00000000e2d00000)
  from space 10240K, 70% used [0x00000000e2d00000,0x00000000e3401770,0x00000000e3700000)
  to   space 10240K, 0% used [0x00000000e4d00000,0x00000000e4d00000,0x00000000e5700000)
 ParOldGen       total 68608K, used 8859K [0x00000000a0000000, 0x00000000a4300000, 0x00000000e0000000)
  object space 68608K, 12% used [0x00000000a0000000,0x00000000a08a6e80,0x00000000a4300000)
 Metaspace       used 29736K, capacity 30214K, committed 30464K, reserved 1075200K
  class space    used 4063K, capacity 4234K, committed 4352K, reserved 1048576K
}
Event: 6.248 GC heap before
{Heap before GC invocations=9 (full 1):
 PSYoungGen      total 56320K, used 53253K [0x00000000e0000000, 0x00000000e5700000, 0x0000000100000000)
  eden space 46080K, 100% used [0x00000000e0000000,0x00000000e2d00000,0x00000000e2d00000)
  from space 10240K, 70% used [0x00000000e2d00000,0x00000000e3401770,0x00000000e3700000)
  to   space 10240K, 0% used [0x00000000e4d00000,0x00000000e4d00000,0x00000000e5700000)
 ParOldGen       total 68608K, used 8859K [0x00000000a0000000, 0x00000000a4300000, 0x00000000e0000000)
  object space 68608K, 12% used [0x00000000a0000000,0x00000000a08a6e80,0x00000000a4300000)
 Metaspace       used 30437K, capacity 30950K, committed 31232K, reserved 1077248K
  class space    used 4137K, capacity 4330K, committed 4352K, reserved 1048576K
Event: 6.254 GC heap after
Heap after GC invocations=9 (full 1):
 PSYoungGen      total 78848K, used 5904K [0x00000000e0000000, 0x00000000e5700000, 0x0000000100000000)
  eden space 68608K, 0% used [0x00000000e0000000,0x00000000e0000000,0x00000000e4300000)
  from space 10240K, 57% used [0x00000000e4d00000,0x00000000e52c4010,0x00000000e5700000)
  to   space 10240K, 0% used [0x00000000e4300000,0x00000000e4300000,0x00000000e4d00000)
 ParOldGen       total 68608K, used 8931K [0x00000000a0000000, 0x00000000a4300000, 0x00000000e0000000)
  object space 68608K, 13% used [0x00000000a0000000,0x00000000a08b8e90,0x00000000a4300000)
 Metaspace       used 30437K, capacity 30950K, committed 31232K, reserved 1077248K
  class space    used 4137K, capacity 4330K, committed 4352K, reserved 1048576K
}
Event: 7.160 GC heap before
{Heap before GC invocations=10 (full 1):
 PSYoungGen      total 78848K, used 34709K [0x00000000e0000000, 0x00000000e5700000, 0x0000000100000000)
  eden space 68608K, 41% used [0x00000000e0000000,0x00000000e1c217a8,0x00000000e4300000)
  from space 10240K, 57% used [0x00000000e4d00000,0x00000000e52c4010,0x00000000e5700000)
  to   space 10240K, 0% used [0x00000000e4300000,0x00000000e4300000,0x00000000e4d00000)
 ParOldGen       total 68608K, used 8931K [0x00000000a0000000, 0x00000000a4300000, 0x00000000e0000000)
  object space 68608K, 13% used [0x00000000a0000000,0x00000000a08b8e90,0x00000000a4300000)
 Metaspace       used 34664K, capacity 35220K, committed 35416K, reserved 1079296K
  class space    used 4700K, capacity 4910K, committed 4992K, reserved 1048576K
Event: 7.168 GC heap after
Heap after GC invocations=10 (full 1):
 PSYoungGen      total 78848K, used 9650K [0x00000000e0000000, 0x00000000e6c00000, 0x0000000100000000)
  eden space 68608K, 0% used [0x00000000e0000000,0x00000000e0000000,0x00000000e4300000)
  from space 10240K, 94% used [0x00000000e4300000,0x00000000e4c6c890,0x00000000e4d00000)
  to   space 11264K, 0% used [0x00000000e6100000,0x00000000e6100000,0x00000000e6c00000)
 ParOldGen       total 68608K, used 8939K [0x00000000a0000000, 0x00000000a4300000, 0x00000000e0000000)
  object space 68608K, 13% used [0x00000000a0000000,0x00000000a08bae90,0x00000000a4300000)
 Metaspace       used 34664K, capacity 35220K, committed 35416K, reserved 1079296K
  class space    used 4700K, capacity 4910K, committed 4992K, reserved 1048576K
}
Event: 7.168 GC heap before
{Heap before GC invocations=11 (full 2):
 PSYoungGen      total 78848K, used 9650K [0x00000000e0000000, 0x00000000e6c00000, 0x0000000100000000)
  eden space 68608K, 0% used [0x00000000e0000000,0x00000000e0000000,0x00000000e4300000)
  from space 10240K, 94% used [0x00000000e4300000,0x00000000e4c6c890,0x00000000e4d00000)
  to   space 11264K, 0% used [0x00000000e6100000,0x00000000e6100000,0x00000000e6c00000)
 ParOldGen       total 68608K, used 8939K [0x00000000a0000000, 0x00000000a4300000, 0x00000000e0000000)
  object space 68608K, 13% used [0x00000000a0000000,0x00000000a08bae90,0x00000000a4300000)
 Metaspace       used 34664K, capacity 35220K, committed 35416K, reserved 1079296K
  class space    used 4700K, capacity 4910K, committed 4992K, reserved 1048576K

