# JRE version: OpenJDK Runtime Environment (8.0_152-b01) (build 1.8.0_152-release-915-b01)
# Java VM: OpenJDK 64-Bit Server VM (25.152-b01 mixed mode windows-amd64 compressed oops)
Heap:
 PSYoungGen      total 428032K, used 371023K [0x00000000e0000000, 0x00000000ffb80000, 0x0000000100000000)
  eden space 343552K, 100% used [0x00000000e0000000,0x00000000f4f80000,0x00000000f4f80000)
  from space 84480K, 32% used [0x00000000fa900000,0x00000000fc3d3e18,0x00000000ffb80000)
  to   space 88064K, 35% used [0x00000000f4f80000,0x00000000f6db6780,0x00000000fa580000)
 ParOldGen       total 1048576K, used 849076K [0x00000000a0000000, 0x00000000e0000000, 0x00000000e0000000)
  object space 1048576K, 80% used [0x00000000a0000000,0x00000000d3d2d3a8,0x00000000e0000000)
 Metaspace       used 112646K, capacity 133622K, committed 134232K, reserved 1163264K
  class space    used 14994K, capacity 21058K, committed 21376K, reserved 1048576K
GC Heap History (10 events):
Event: 17435.827 GC heap after
Heap after GC invocations=155 (full 5):
 PSYoungGen      total 455168K, used 46890K [0x00000000e0000000, 0x0000000100000000, 0x0000000100000000)
  eden space 388096K, 0% used [0x00000000e0000000,0x00000000e0000000,0x00000000f7b00000)
  from space 67072K, 69% used [0x00000000fbe80000,0x00000000fec4ab08,0x0000000100000000)
  to   space 68096K, 0% used [0x00000000f7b00000,0x00000000f7b00000,0x00000000fbd80000)
 ParOldGen       total 296448K, used 188317K [0x00000000a0000000, 0x00000000b2180000, 0x00000000e0000000)
  object space 296448K, 63% used [0x00000000a0000000,0x00000000ab7e7780,0x00000000b2180000)
 Metaspace       used 112434K, capacity 133150K, committed 133848K, reserved 1161216K
  class space    used 14956K, capacity 20936K, committed 21248K, reserved 1048576K
}
Event: 17441.206 GC heap before
{Heap before GC invocations=156 (full 5):
 PSYoungGen      total 455168K, used 434986K [0x00000000e0000000, 0x0000000100000000, 0x0000000100000000)
  eden space 388096K, 100% used [0x00000000e0000000,0x00000000f7b00000,0x00000000f7b00000)
  from space 67072K, 69% used [0x00000000fbe80000,0x00000000fec4ab08,0x0000000100000000)
  to   space 68096K, 0% used [0x00000000f7b00000,0x00000000f7b00000,0x00000000fbd80000)
 ParOldGen       total 296448K, used 188317K [0x00000000a0000000, 0x00000000b2180000, 0x00000000e0000000)
  object space 296448K, 63% used [0x00000000a0000000,0x00000000ab7e7780,0x00000000b2180000)
 Metaspace       used 112464K, capacity 133158K, committed 133848K, reserved 1161216K
  class space    used 14957K, capacity 20936K, committed 21248K, reserved 1048576K
Event: 17441.586 GC heap after
Heap after GC invocations=156 (full 5):
 PSYoungGen      total 456192K, used 68080K [0x00000000e0000000, 0x0000000100000000, 0x0000000100000000)
  eden space 388096K, 0% used [0x00000000e0000000,0x00000000e0000000,0x00000000f7b00000)
  from space 68096K, 99% used [0x00000000f7b00000,0x00000000fbd7c050,0x00000000fbd80000)
  to   space 68096K, 0% used [0x00000000fbd80000,0x00000000fbd80000,0x0000000100000000)
 ParOldGen       total 296448K, used 230801K [0x00000000a0000000, 0x00000000b2180000, 0x00000000e0000000)
  object space 296448K, 77% used [0x00000000a0000000,0x00000000ae164680,0x00000000b2180000)
 Metaspace       used 112464K, capacity 133158K, committed 133848K, reserved 1161216K
  class space    used 14957K, capacity 20936K, committed 21248K, reserved 1048576K
}
Event: 17445.889 GC heap before
{Heap before GC invocations=157 (full 5):
 PSYoungGen      total 456192K, used 456117K [0x00000000e0000000, 0x0000000100000000, 0x0000000100000000)
  eden space 388096K, 99% used [0x00000000e0000000,0x00000000f7af1638,0x00000000f7b00000)
  from space 68096K, 99% used [0x00000000f7b00000,0x00000000fbd7c050,0x00000000fbd80000)
  to   space 68096K, 0% used [0x00000000fbd80000,0x00000000fbd80000,0x0000000100000000)
 ParOldGen       total 296448K, used 230801K [0x00000000a0000000, 0x00000000b2180000, 0x00000000e0000000)
  object space 296448K, 77% used [0x00000000a0000000,0x00000000ae164680,0x00000000b2180000)
 Metaspace       used 112477K, capacity 133174K, committed 133848K, reserved 1161216K
  class space    used 14957K, capacity 20936K, committed 21248K, reserved 1048576K
Event: 17446.026 GC heap after
Heap after GC invocations=157 (full 5):
 PSYoungGen      total 409088K, used 55173K [0x00000000e0000000, 0x0000000100000000, 0x0000000100000000)
  eden space 340992K, 0% used [0x00000000e0000000,0x00000000e0000000,0x00000000f4d00000)
  from space 68096K, 81% used [0x00000000fbd80000,0x00000000ff3615a8,0x0000000100000000)
  to   space 91648K, 0% used [0x00000000f4d00000,0x00000000f4d00000,0x00000000fa680000)
 ParOldGen       total 296448K, used 231183K [0x00000000a0000000, 0x00000000b2180000, 0x00000000e0000000)
  object space 296448K, 77% used [0x00000000a0000000,0x00000000ae1c3f50,0x00000000b2180000)
 Metaspace       used 112477K, capacity 133174K, committed 133848K, reserved 1161216K
  class space    used 14957K, capacity 20936K, committed 21248K, reserved 1048576K
}
Event: 17446.301 GC heap before
{Heap before GC invocations=158 (full 5):
 PSYoungGen      total 409088K, used 395228K [0x00000000e0000000, 0x0000000100000000, 0x0000000100000000)
  eden space 340992K, 99% used [0x00000000e0000000,0x00000000f4c15d08,0x00000000f4d00000)
  from space 68096K, 81% used [0x00000000fbd80000,0x00000000ff3615a8,0x0000000100000000)
  to   space 91648K, 0% used [0x00000000f4d00000,0x00000000f4d00000,0x00000000fa680000)
 ParOldGen       total 296448K, used 231183K [0x00000000a0000000, 0x00000000b2180000, 0x00000000e0000000)
  object space 296448K, 77% used [0x00000000a0000000,0x00000000ae1c3f50,0x00000000b2180000)
 Metaspace       used 112477K, capacity 133174K, committed 133848K, reserved 1161216K
  class space    used 14957K, capacity 20936K, committed 21248K, reserved 1048576K
Event: 17446.333 GC heap after
Heap after GC invocations=158 (full 5):
 PSYoungGen      total 432640K, used 51405K [0x00000000e0000000, 0x0000000100000000, 0x0000000100000000)
  eden space 340992K, 0% used [0x00000000e0000000,0x00000000e0000000,0x00000000f4d00000)
  from space 91648K, 56% used [0x00000000f4d00000,0x00000000f7f337c0,0x00000000fa680000)
  to   space 89088K, 0% used [0x00000000fa900000,0x00000000fa900000,0x0000000100000000)
 ParOldGen       total 296448K, used 247733K [0x00000000a0000000, 0x00000000b2180000, 0x00000000e0000000)
  object space 296448K, 83% used [0x00000000a0000000,0x00000000af1ed5b8,0x00000000b2180000)
 Metaspace       used 112477K, capacity 133174K, committed 133848K, reserved 1161216K
  class space    used 14957K, capacity 20936K, committed 21248K, reserved 1048576K
}
Event: 17620.617 GC heap before
{Heap before GC invocations=159 (full 5):
 PSYoungGen      total 432640K, used 392366K [0x00000000e0000000, 0x0000000100000000, 0x0000000100000000)
  eden space 340992K, 99% used [0x00000000e0000000,0x00000000f4cf8418,0x00000000f4d00000)
  from space 91648K, 56% used [0x00000000f4d00000,0x00000000f7f337c0,0x00000000fa680000)
  to   space 89088K, 0% used [0x00000000fa900000,0x00000000fa900000,0x0000000100000000)
 ParOldGen       total 296448K, used 247733K [0x00000000a0000000, 0x00000000b2180000, 0x00000000e0000000)
  object space 296448K, 83% used [0x00000000a0000000,0x00000000af1ed5b8,0x00000000b2180000)
 Metaspace       used 112531K, capacity 133306K, committed 133848K, reserved 1161216K
  class space    used 14970K, capacity 20978K, committed 21248K, reserved 1048576K
Event: 17620.641 GC heap after
Heap after GC invocations=159 (full 5):
 PSYoungGen      total 428032K, used 27471K [0x00000000e0000000, 0x00000000ffb80000, 0x0000000100000000)
  eden space 343552K, 0% used [0x00000000e0000000,0x00000000e0000000,0x00000000f4f80000)
  from space 84480K, 32% used [0x00000000fa900000,0x00000000fc3d3e18,0x00000000ffb80000)
  to   space 88064K, 0% used [0x00000000f4f80000,0x00000000f4f80000,0x00000000fa580000)
 ParOldGen       total 296448K, used 258021K [0x00000000a0000000, 0x00000000b2180000, 0x00000000e0000000)
  object space 296448K, 87% used [0x00000000a0000000,0x00000000afbf9688,0x00000000b2180000)
 Metaspace       used 112531K, capacity 133306K, committed 133848K, reserved 1161216K
  class space    used 14970K, capacity 20978K, committed 21248K, reserved 1048576K
}
Event: 18067.581 GC heap before
{Heap before GC invocations=160 (full 5):
 PSYoungGen      total 428032K, used 371023K [0x00000000e0000000, 0x00000000ffb80000, 0x0000000100000000)
  eden space 343552K, 100% used [0x00000000e0000000,0x00000000f4f80000,0x00000000f4f80000)
  from space 84480K, 32% used [0x00000000fa900000,0x00000000fc3d3e18,0x00000000ffb80000)
  to   space 88064K, 0% used [0x00000000f4f80000,0x00000000f4f80000,0x00000000fa580000)
 ParOldGen       total 296448K, used 258021K [0x00000000a0000000, 0x00000000b2180000, 0x00000000e0000000)
  object space 296448K, 87% used [0x00000000a0000000,0x00000000afbf9688,0x00000000b2180000)
 Metaspace       used 112646K, capacity 133622K, committed 134232K, reserved 1163264K
  class space    used 14994K, capacity 21058K, committed 21376K, reserved 1048576K

